2023-07-13 09:02:24,166 [INFO] Activator:176 - 


2023-07-13 09:02:24,175 [INFO] Activator:177 - !SESSION log4j initialized
2023-07-13 09:02:34,907 [INFO] LogOutputStream:77 - [STDOUT_REDIRECT] 
2023-07-13 09:03:00,750 [ERROR] LogOutputStream:75 - [STDERR_REDIRECT] SLF4J: Failed to load class "org.slf4j.impl.StaticLoggerBinder".
2023-07-13 09:03:00,752 [ERROR] LogOutputStream:75 - [STDERR_REDIRECT] SLF4J: Defaulting to no-operation (NOP) logger implementation
2023-07-13 09:03:00,757 [ERROR] LogOutputStream:75 - [STDERR_REDIRECT] SLF4J: See http://www.slf4j.org/codes.html#StaticLoggerBinder for further details.
2023-07-13 09:45:21,972 [ERROR] LogOutputStream:75 - [STDERR_REDIRECT] Exception in thread "Thread-100" java.lang.NullPointerException
2023-07-13 09:45:21,974 [ERROR] LogOutputStream:75 - [STDERR_REDIRECT] 	at org.eclipse.core.runtime.Path.makeRelativeTo(Path.java:931)
2023-07-13 09:45:21,974 [ERROR] LogOutputStream:75 - [STDERR_REDIRECT] 	at com.st.stm32cube.ide.mcu.stackanalyzer.ui.StackAnalyzerView.createMangledToSuSymbolMapping(StackAnalyzerView.java:1098)
2023-07-13 09:45:21,975 [ERROR] LogOutputStream:75 - [STDERR_REDIRECT] 	at com.st.stm32cube.ide.mcu.stackanalyzer.ui.StackAnalyzerView.inputChanged(StackAnalyzerView.java:933)
2023-07-13 09:45:21,975 [ERROR] LogOutputStream:75 - [STDERR_REDIRECT] 	at com.st.stm32cube.ide.mcu.stackanalyzer.ui.StackAnalyzerView.lambda$15(StackAnalyzerView.java:1307)
2023-07-13 09:45:21,975 [ERROR] LogOutputStream:75 - [STDERR_REDIRECT] 	at java.base/java.lang.Thread.run(Thread.java:829)
2023-07-13 11:26:28,356 [INFO] Activator:176 - 


2023-07-13 11:26:28,359 [INFO] Activator:177 - !SESSION log4j initialized
2023-07-13 11:26:36,908 [INFO] LogOutputStream:77 - [STDOUT_REDIRECT] 
2023-07-13 11:26:58,783 [ERROR] LogOutputStream:75 - [STDERR_REDIRECT] SLF4J: Failed to load class "org.slf4j.impl.StaticLoggerBinder".
2023-07-13 11:26:58,784 [ERROR] LogOutputStream:75 - [STDERR_REDIRECT] SLF4J: Defaulting to no-operation (NOP) logger implementation
2023-07-13 11:26:58,785 [ERROR] LogOutputStream:75 - [STDERR_REDIRECT] SLF4J: See http://www.slf4j.org/codes.html#StaticLoggerBinder for further details.
2023-07-13 18:44:22,519 [INFO] Activator:176 - 


2023-07-13 18:44:22,523 [INFO] Activator:177 - !SESSION log4j initialized
2023-07-13 18:44:29,244 [INFO] LogOutputStream:77 - [STDOUT_REDIRECT] 
2023-07-13 18:44:56,665 [ERROR] LogOutputStream:75 - [STDERR_REDIRECT] SLF4J: Failed to load class "org.slf4j.impl.StaticLoggerBinder".
2023-07-13 18:44:56,666 [ERROR] LogOutputStream:75 - [STDERR_REDIRECT] SLF4J: Defaulting to no-operation (NOP) logger implementation
2023-07-13 18:44:56,666 [ERROR] LogOutputStream:75 - [STDERR_REDIRECT] SLF4J: See http://www.slf4j.org/codes.html#StaticLoggerBinder for further details.
2023-07-13 18:46:20,890 [ERROR] LogOutputStream:75 - [STDERR_REDIRECT] Exception in thread "Thread-15" java.lang.NullPointerException
2023-07-13 18:46:20,891 [ERROR] LogOutputStream:75 - [STDERR_REDIRECT] 	at org.eclipse.core.runtime.Path.makeRelativeTo(Path.java:931)
2023-07-13 18:46:20,901 [ERROR] LogOutputStream:75 - [STDERR_REDIRECT] 	at com.st.stm32cube.ide.mcu.stackanalyzer.ui.StackAnalyzerView.createMangledToSuSymbolMapping(StackAnalyzerView.java:1098)
2023-07-13 18:46:20,908 [ERROR] LogOutputStream:75 - [STDERR_REDIRECT] 	at com.st.stm32cube.ide.mcu.stackanalyzer.ui.StackAnalyzerView.inputChanged(StackAnalyzerView.java:933)
2023-07-13 18:46:20,920 [ERROR] LogOutputStream:75 - [STDERR_REDIRECT] 	at com.st.stm32cube.ide.mcu.stackanalyzer.ui.StackAnalyzerView.lambda$15(StackAnalyzerView.java:1307)
2023-07-13 18:46:20,920 [ERROR] LogOutputStream:75 - [STDERR_REDIRECT] 	at java.base/java.lang.Thread.run(Thread.java:829)
2023-07-13 20:34:07,281 [ERROR] ConfigurationRetriever:142 - IOException on connection: Read timed out
