2023-08-15 00:17:53,775 [INFO] Activator:176 - 


2023-08-15 00:17:53,785 [INFO] Activator:177 - !SESSION log4j initialized
2023-08-15 00:18:02,888 [INFO] LogOutputStream:77 - [STDOUT_REDIRECT] 
2023-08-15 00:18:25,163 [ERROR] LogOutputStream:75 - [STDERR_REDIRECT] SLF4J: Failed to load class "org.slf4j.impl.StaticLoggerBinder".
2023-08-15 00:18:25,165 [ERROR] LogOutputStream:75 - [STDERR_REDIRECT] SLF4J: Defaulting to no-operation (NOP) logger implementation
2023-08-15 00:18:25,165 [ERROR] LogOutputStream:75 - [STDERR_REDIRECT] SLF4J: See http://www.slf4j.org/codes.html#StaticLoggerBinder for further details.
2023-08-15 08:55:37,126 [INFO] Activator:176 - 


2023-08-15 08:55:37,130 [INFO] Activator:177 - !SESSION log4j initialized
2023-08-15 08:55:47,659 [INFO] LogOutputStream:77 - [STDOUT_REDIRECT] 
2023-08-15 08:56:13,064 [ERROR] LogOutputStream:75 - [STDERR_REDIRECT] SLF4J: Failed to load class "org.slf4j.impl.StaticLoggerBinder".
2023-08-15 08:56:13,069 [ERROR] LogOutputStream:75 - [STDERR_REDIRECT] SLF4J: Defaulting to no-operation (NOP) logger implementation
2023-08-15 08:56:13,075 [ERROR] LogOutputStream:75 - [STDERR_REDIRECT] SLF4J: See http://www.slf4j.org/codes.html#StaticLoggerBinder for further details.
2023-08-15 17:53:20,744 [INFO] Activator:176 - 


2023-08-15 17:53:20,749 [INFO] Activator:177 - !SESSION log4j initialized
2023-08-15 17:53:29,709 [INFO] LogOutputStream:77 - [STDOUT_REDIRECT] 
2023-08-15 17:53:52,765 [ERROR] LogOutputStream:75 - [STDERR_REDIRECT] SLF4J: Failed to load class "org.slf4j.impl.StaticLoggerBinder".
2023-08-15 17:53:52,766 [ERROR] LogOutputStream:75 - [STDERR_REDIRECT] SLF4J: Defaulting to no-operation (NOP) logger implementation
2023-08-15 17:53:52,767 [ERROR] LogOutputStream:75 - [STDERR_REDIRECT] SLF4J: See http://www.slf4j.org/codes.html#StaticLoggerBinder for further details.
2023-08-15 18:50:08,339 [INFO] Activator:176 - 


2023-08-15 18:50:08,342 [INFO] Activator:177 - !SESSION log4j initialized
2023-08-15 18:50:18,656 [INFO] LogOutputStream:77 - [STDOUT_REDIRECT] 
2023-08-15 18:50:41,063 [ERROR] LogOutputStream:75 - [STDERR_REDIRECT] SLF4J: Failed to load class "org.slf4j.impl.StaticLoggerBinder".
2023-08-15 18:50:41,065 [ERROR] LogOutputStream:75 - [STDERR_REDIRECT] SLF4J: Defaulting to no-operation (NOP) logger implementation
2023-08-15 18:50:41,066 [ERROR] LogOutputStream:75 - [STDERR_REDIRECT] SLF4J: See http://www.slf4j.org/codes.html#StaticLoggerBinder for further details.
